<?xml version="1.0" encoding="UTF-8"?>
<!-- Generated by org.testng.reporters.JUnitXMLReporter -->
<testsuite ignored="0" hostname="LAPTOP-B4D5EA3E" failures="2" tests="13" name="Project TestCases" time="34.277" errors="0" timestamp="2023-04-30T16:15:43 IST">
  <testcase classname="com.project1.qa.testcases.Register" name="AccountRegistrationWithMandatoryFields" time="0.8"/>
  <testcase classname="com.project1.qa.testcases.Register" name="VerifyRegisteringAccountByProvidingAllFields" time="0.83"/>
  <testcase classname="com.project1.qa.testcases.Register" name="VerifyResgisterAccountWithExistingEMailAddress" time="0.785"/>
  <testcase classname="com.project1.qa.testcases.Register" name="verifyRegisteringAccountWithoutFillingDetails" time="0.292"/>
  <testcase classname="com.project1.qa.testcases.Login" name="VerifyLoginWithValidEmailAndInvalidPassword" time="0.417"/>
  <testcase classname="com.project1.qa.testcases.Login" name="VeryLoginWIthNoCredentials" time="0.203"/>
  <testcase classname="com.project1.qa.testcases.Login" name="loginwithinvalidcrdentials" time="0.515"/>
  <testcase classname="com.project1.qa.testcases.Login" name="verifyloginwithInvalidEmailAndValidPassword" time="0.426"/>
  <testcase classname="com.project1.qa.testcases.Login" name="loginwithvalidcredentials" time="0.516"/>
  <testcase classname="com.project1.qa.testcases.Login" name="loginwithvalidcredentials" time="0.012">
    <failure type="java.lang.IllegalArgumentException" message="Keys to send should be a not null CharSequence">
      <![CDATA[java.lang.IllegalArgumentException: Keys to send should be a not null CharSequence
at org.openqa.selenium.remote.RemoteWebElement.sendKeys(RemoteWebElement.java:98)
at org.openqa.selenium.support.pagefactory.internal.LocatingElementHandler.invoke(LocatingElementHandler.java:52)
at jdk.proxy2/jdk.proxy2.$Proxy17.sendKeys(Unknown Source)
at com.project1.qa.pages.LoginPage.EnterEmailAddress(LoginPage.java:31)
at com.project1.qa.testcases.Login.loginwithvalidcredentials(Login.java:44)
at java.base/java.util.ArrayList.forEach(ArrayList.java:1511)
... Removed 30 stack frames]]>
    </failure>
  </testcase> <!-- loginwithvalidcredentials -->
  <testcase classname="com.project1.qa.testcases.Login" name="loginwithvalidcredentials" time="0.012">
    <failure type="java.lang.IllegalArgumentException" message="Keys to send should be a not null CharSequence">
      <![CDATA[java.lang.IllegalArgumentException: Keys to send should be a not null CharSequence
at org.openqa.selenium.remote.RemoteWebElement.sendKeys(RemoteWebElement.java:98)
at org.openqa.selenium.support.pagefactory.internal.LocatingElementHandler.invoke(LocatingElementHandler.java:52)
at jdk.proxy2/jdk.proxy2.$Proxy17.sendKeys(Unknown Source)
at com.project1.qa.pages.LoginPage.EnterEmailAddress(LoginPage.java:31)
at com.project1.qa.testcases.Login.loginwithvalidcredentials(Login.java:44)
at java.base/java.util.ArrayList.forEach(ArrayList.java:1511)
... Removed 30 stack frames]]>
    </failure>
  </testcase> <!-- loginwithvalidcredentials -->
  <testcase classname="com.project1.qa.testcases.Search" name="VerifySearchWithInvalidProduct" time="0.265"/>
  <testcase classname="com.project1.qa.testcases.Search" name="verifySearchWithValidProduct" time="0.3"/>
</testsuite> <!-- Project TestCases -->
