<?xml version="1.0" encoding="UTF-8"?>
<!-- Generated by org.testng.reporters.JUnitXMLReporter -->
<testsuite ignored="0" hostname="LAPTOP-B4D5EA3E" failures="2" tests="13" name="Project1 TestCases" time="35.217" errors="0" timestamp="2023-05-01T01:07:52 IST">
  <testcase classname="com.project1.qa.testcases.Register" name="AccountRegistrationWithMandatoryFields" time="0.845"/>
  <testcase classname="com.project1.qa.testcases.Register" name="VerifyRegisteringAccountByProvidingAllFields" time="0.855"/>
  <testcase classname="com.project1.qa.testcases.Register" name="VerifyResgisterAccountWithExistingEMailAddress" time="0.765"/>
  <testcase classname="com.project1.qa.testcases.Register" name="verifyRegisteringAccountWithoutFillingDetails" time="0.287"/>
  <testcase classname="com.project1.qa.testcases.Login" name="VerifyLoginWithValidEmailAndInvalidPassword" time="0.429"/>
  <testcase classname="com.project1.qa.testcases.Login" name="VeryLoginWIthNoCredentials" time="0.293"/>
  <testcase classname="com.project1.qa.testcases.Login" name="loginwithinvalidcrdentials" time="0.487"/>
  <testcase classname="com.project1.qa.testcases.Login" name="verifyloginwithInvalidEmailAndValidPassword" time="0.497"/>
  <testcase classname="com.project1.qa.testcases.Login" name="loginwithvalidcredentials" time="0.657"/>
  <testcase classname="com.project1.qa.testcases.Login" name="loginwithvalidcredentials" time="0.011">
    <failure type="java.lang.IllegalArgumentException" message="Keys to send should be a not null CharSequence">
      <![CDATA[java.lang.IllegalArgumentException: Keys to send should be a not null CharSequence
at org.openqa.selenium.remote.RemoteWebElement.sendKeys(RemoteWebElement.java:98)
at org.openqa.selenium.support.pagefactory.internal.LocatingElementHandler.invoke(LocatingElementHandler.java:52)
at jdk.proxy2/jdk.proxy2.$Proxy18.sendKeys(Unknown Source)
at com.project1.qa.pages.LoginPage.login(LoginPage.java:45)
at com.project1.qa.testcases.Login.loginwithvalidcredentials(Login.java:42)
at java.base/java.util.ArrayList.forEach(ArrayList.java:1511)
... Removed 30 stack frames]]>
    </failure>
  </testcase> <!-- loginwithvalidcredentials -->
  <testcase classname="com.project1.qa.testcases.Login" name="loginwithvalidcredentials" time="0.017">
    <failure type="java.lang.IllegalArgumentException" message="Keys to send should be a not null CharSequence">
      <![CDATA[java.lang.IllegalArgumentException: Keys to send should be a not null CharSequence
at org.openqa.selenium.remote.RemoteWebElement.sendKeys(RemoteWebElement.java:98)
at org.openqa.selenium.support.pagefactory.internal.LocatingElementHandler.invoke(LocatingElementHandler.java:52)
at jdk.proxy2/jdk.proxy2.$Proxy18.sendKeys(Unknown Source)
at com.project1.qa.pages.LoginPage.login(LoginPage.java:45)
at com.project1.qa.testcases.Login.loginwithvalidcredentials(Login.java:42)
at java.base/java.util.ArrayList.forEach(ArrayList.java:1511)
... Removed 30 stack frames]]>
    </failure>
  </testcase> <!-- loginwithvalidcredentials -->
  <testcase classname="com.project1.qa.testcases.Search" name="VerifySearchWithInvalidProduct" time="0.257"/>
  <testcase classname="com.project1.qa.testcases.Search" name="verifySearchWithValidProduct" time="0.317"/>
</testsuite> <!-- Project1 TestCases -->
